<?xml version="1.0" encoding="UTF-8"?>
<!-- Generated by org.testng.reporters.JUnitReportReporter -->
<testsuite skipped="0" hostname="Sayan" name="toolsqa.requests.RestAssured_GET" tests="1" failures="0" timestamp="2025-09-19T01:27:13 IST" time="3.963" errors="0">
  <testcase name="GetBooksDetails" time="3.963" classname="toolsqa.requests.RestAssured_GET"/>
  <system-out/>
</testsuite> <!-- toolsqa.requests.RestAssured_GET -->
